<?xml version="1.0" encoding="UTF-8"?>
<coverage generated="1687260675068" clover="3.2.0">
  <project timestamp="1687260675068" name="All files">
    <metrics statements="12" coveredstatements="12" conditionals="0" coveredconditionals="0" methods="5" coveredmethods="5" elements="17" coveredelements="17" complexity="0" loc="12" ncloc="12" packages="1" files="1" classes="1"/>
    <file name="account.js" path="/Users/selenang/Downloads/Makers/week10/Bank-tech-test/account.js">
      <metrics statements="12" coveredstatements="12" conditionals="0" coveredconditionals="0" methods="5" coveredmethods="5"/>
      <line num="3" count="4" type="stmt"/>
      <line num="4" count="4" type="stmt"/>
      <line num="9" count="4" type="stmt"/>
      <line num="10" count="4" type="stmt"/>
      <line num="16" count="4" type="stmt"/>
      <line num="17" count="4" type="stmt"/>
      <line num="21" count="2" type="stmt"/>
      <line num="22" count="2" type="stmt"/>
      <line num="27" count="4" type="stmt"/>
      <line num="31" count="1" type="stmt"/>
      <line num="32" count="1" type="stmt"/>
      <line num="38" count="1" type="stmt"/>
    </file>
  </project>
</coverage>
