{"/Users/selenang/Downloads/Makers/week10/Bank-tech-test/account.js": {"path":"/Users/selenang/Downloads/Makers/week10/Bank-tech-test/account.js","statementMap":{"0":{"start":{"line":3,"column":8},"end":{"line":3,"column":25}},"1":{"start":{"line":4,"column":8},"end":{"line":4,"column":30}},"2":{"start":{"line":9,"column":8},"end":{"line":9,"column":31}},"3":{"start":{"line":10,"column":35},"end":{"line":15,"column":11}},"4":{"start":{"line":16,"column":10},"end":{"line":16,"column":52}},"5":{"start":{"line":21,"column":8},"end":{"line":21,"column":31}},"6":{"start":{"line":22,"column":38},"end":{"line":27,"column":11}},"7":{"start":{"line":28,"column":10},"end":{"line":28,"column":55}},"8":{"start":{"line":33,"column":8},"end":{"line":33,"column":27}},"9":{"start":{"line":37,"column":24},"end":{"line":37,"column":62}},"10":{"start":{"line":38,"column":8},"end":{"line":44,"column":11}},"11":{"start":{"line":39,"column":23},"end":{"line":39,"column":39}},"12":{"start":{"line":40,"column":25},"end":{"line":40,"column":80}},"13":{"start":{"line":41,"column":24},"end":{"line":41,"column":77}},"14":{"start":{"line":42,"column":26},"end":{"line":42,"column":56}},"15":{"start":{"line":43,"column":12},"end":{"line":43,"column":75}},"16":{"start":{"line":46,"column":8},"end":{"line":46,"column":36}},"17":{"start":{"line":49,"column":0},"end":{"line":49,"column":25}}},"fnMap":{"0":{"name":"(anonymous_0)","decl":{"start":{"line":2,"column":4},"end":{"line":2,"column":5}},"loc":{"start":{"line":2,"column":26},"end":{"line":6,"column":5}},"line":2},"1":{"name":"(anonymous_1)","decl":{"start":{"line":8,"column":4},"end":{"line":8,"column":5}},"loc":{"start":{"line":8,"column":19},"end":{"line":18,"column":5}},"line":8},"2":{"name":"(anonymous_2)","decl":{"start":{"line":20,"column":4},"end":{"line":20,"column":5}},"loc":{"start":{"line":20,"column":22},"end":{"line":30,"column":5}},"line":20},"3":{"name":"(anonymous_3)","decl":{"start":{"line":32,"column":4},"end":{"line":32,"column":5}},"loc":{"start":{"line":32,"column":17},"end":{"line":34,"column":5}},"line":32},"4":{"name":"(anonymous_4)","decl":{"start":{"line":36,"column":4},"end":{"line":36,"column":5}},"loc":{"start":{"line":36,"column":21},"end":{"line":47,"column":5}},"line":36},"5":{"name":"(anonymous_5)","decl":{"start":{"line":38,"column":43},"end":{"line":38,"column":44}},"loc":{"start":{"line":38,"column":58},"end":{"line":44,"column":9}},"line":38}},"branchMap":{"0":{"loc":{"start":{"line":40,"column":25},"end":{"line":40,"column":80}},"type":"cond-expr","locations":[{"start":{"line":40,"column":46},"end":{"line":40,"column":75}},{"start":{"line":40,"column":78},"end":{"line":40,"column":80}}],"line":40},"1":{"loc":{"start":{"line":41,"column":24},"end":{"line":41,"column":77}},"type":"cond-expr","locations":[{"start":{"line":41,"column":44},"end":{"line":41,"column":72}},{"start":{"line":41,"column":75},"end":{"line":41,"column":77}}],"line":41}},"s":{"0":7,"1":7,"2":7,"3":7,"4":7,"5":2,"6":2,"7":2,"8":4,"9":6,"10":6,"11":6,"12":6,"13":6,"14":6,"15":6,"16":6,"17":1},"f":{"0":7,"1":7,"2":2,"3":4,"4":6,"5":6},"b":{"0":[6,0],"1":[0,6]},"_coverageSchema":"1a1c01bbd47fc00a2c39e90264f33305004495a9","hash":"5af2051faace27826176a535b24d5a0ecf9f212d"}
}
