TN:
SF:account.js
FN:2,(anonymous_0)
FN:8,(anonymous_1)
FN:20,(anonymous_2)
FN:32,(anonymous_3)
FN:36,(anonymous_4)
FN:38,(anonymous_5)
FNF:6
FNH:6
FNDA:7,(anonymous_0)
FNDA:7,(anonymous_1)
FNDA:2,(anonymous_2)
FNDA:4,(anonymous_3)
FNDA:6,(anonymous_4)
FNDA:6,(anonymous_5)
DA:3,7
DA:4,7
DA:9,7
DA:10,7
DA:16,7
DA:21,2
DA:22,2
DA:28,2
DA:33,4
DA:37,6
DA:38,6
DA:39,6
DA:40,6
DA:41,6
DA:42,6
DA:43,6
DA:46,6
DA:49,1
LF:18
LH:18
BRDA:40,0,0,6
BRDA:40,0,1,0
BRDA:41,1,0,0
BRDA:41,1,1,6
BRF:4
BRH:2
end_of_record
